#
# There is insufficient memory for the Java Runtime Environment to continue.
# Native memory allocation (mmap) failed to map 132120576 bytes for Failed to commit area from 0x0000000082400000 to 0x000000008a200000 of length 132120576.
# Possible reasons:
#   The system is out of physical RAM or swap space
#   The process is running with CompressedOops enabled, and the Java Heap may be blocking the growth of the native heap
# Possible solutions:
#   Reduce memory load on the system
#   Increase physical memory or swap space
#   Check if swap backing store is full
#   Decrease Java heap size (-Xmx/-Xms)
#   Decrease number of Java threads
#   Decrease Java thread stack sizes (-Xss)
#   Set larger code cache with -XX:ReservedCodeCacheSize=
# This output file may be truncated or incomplete.
#
#  Out of Memory Error (./src/hotspot/os/windows/os_windows.cpp:3301), pid=22972, tid=19856
#
# JRE version:  (11.0.10) (build )
# Java VM: OpenJDK 64-Bit Server VM (11.0.10+0-b96-7249189, mixed mode, sharing, tiered, compressed oops, g1 gc, windows-amd64)
# No core dump will be written. Minidumps are not enabled by default on client versions of Windows
#

---------------  S U M M A R Y ------------

Command Line: org.jetbrains.git4idea.http.GitAskPassApp Username for 'https://github.com': 

Host: Intel(R) Core(TM) i7-9750H CPU @ 2.60GHz, 12 cores, 7G,  Windows 10 , 64 bit Build 22000 (10.0.22000.120)
Time: Wed Nov  3 22:39:31 2021 Malay Peninsula Standard Time elapsed time: 0.024829 seconds (0d 0h 0m 0s)

---------------  T H R E A D  ---------------

Current thread (0x0000019aac322800):  JavaThread "Unknown thread" [_thread_in_vm, id=19856, stack(0x0000002b9f400000,0x0000002b9f500000)]

Stack: [0x0000002b9f400000,0x0000002b9f500000]
Native frames: (J=compiled Java code, j=interpreted, Vv=VM code, C=native code)
V  [jvm.dll+0x5ecfaa]
V  [jvm.dll+0x722bd5]
V  [jvm.dll+0x72412d]
V  [jvm.dll+0x7247e3]
V  [jvm.dll+0x242928]
V  [jvm.dll+0x5ea374]
V  [jvm.dll+0x5df425]
V  [jvm.dll+0x2fdebb]
V  [jvm.dll+0x2fde2a]
V  [jvm.dll+0x2fdd02]
V  [jvm.dll+0x302bf6]
V  [jvm.dll+0x34b2a3]
V  [jvm.dll+0x34b9a6]
V  [jvm.dll+0x34b3a3]
V  [jvm.dll+0x2d8888]
V  [jvm.dll+0x2d9a37]
V  [jvm.dll+0x701737]
V  [jvm.dll+0x702f2c]
V  [jvm.dll+0x3587d9]
V  [jvm.dll+0x6e4fae]
V  [jvm.dll+0x3c0be3]
V  [jvm.dll+0x3c2e91]
C  [jli.dll+0x5373]
C  [ucrtbase.dll+0x26c0c]
C  [KERNEL32.DLL+0x154e0]
C  [ntdll.dll+0x485b]


---------------  P R O C E S S  ---------------

Threads class SMR info:
_java_thread_list=0x0000019aaa1441c0, length=0, elements={
}

Java Threads: ( => current thread )

Other Threads:
  0x0000019aaa21c800 GCTaskThread "GC Thread#0" [stack: 0x0000002b9f500000,0x0000002b9f600000] [id=2188]
  0x0000019aac366800 ConcurrentGCThread "G1 Main Marker" [stack: 0x0000002b9f600000,0x0000002b9f700000] [id=15984]
  0x0000019aac368000 ConcurrentGCThread "G1 Conc#0" [stack: 0x0000002b9f700000,0x0000002b9f800000] [id=7252]

[error occurred during error reporting (printing all threads), id 0xc0000005, EXCEPTION_ACCESS_VIOLATION (0xc0000005) at pc=0x00007fff3f769107]

VM state:not at safepoint (not fully initialized)

VM Mutex/Monitor currently owned by a thread:  ([mutex/lock_event])
[0x0000019aac320fc0] Heap_lock - owner thread: 0x0000019aac322800

Heap address: 0x0000000082400000, size: 2012 MB, Compressed Oops mode: Non-zero based: 0x0000000082400000
Narrow klass base: 0x0000000000000000, Narrow klass shift: 0

GC Heap History (0 events):
No events

Deoptimization events (0 events):
No events

Classes redefined (0 events):
No events

Internal exceptions (0 events):
No events

Events (1 events):
Event: 0.014 Loaded shared library D:\Aplikasi\AndroidStudio\App\jre\bin\zip.dll


Dynamic libraries:
0x00007ff6d9ce0000 - 0x00007ff6d9cea000 	D:\Aplikasi\AndroidStudio\App\jre\bin\java.exe
0x00007fff91940000 - 0x00007fff91b47000 	C:\WINDOWS\SYSTEM32\ntdll.dll
0x00007fff91580000 - 0x00007fff9163d000 	C:\WINDOWS\System32\KERNEL32.DLL
0x00007fff8f120000 - 0x00007fff8f494000 	C:\WINDOWS\System32\KERNELBASE.dll
0x00007fff8f000000 - 0x00007fff8f111000 	C:\WINDOWS\System32\ucrtbase.dll
0x00007fff7ff40000 - 0x00007fff7ff59000 	D:\Aplikasi\AndroidStudio\App\jre\bin\jli.dll
0x00007fff80b60000 - 0x00007fff80b77000 	D:\Aplikasi\AndroidStudio\App\jre\bin\VCRUNTIME140.dll
0x00007fff8feb0000 - 0x00007fff9005c000 	C:\WINDOWS\System32\USER32.dll
0x00007fff78dd0000 - 0x00007fff79075000 	C:\WINDOWS\WinSxS\amd64_microsoft.windows.common-controls_6595b64144ccf1df_6.0.22000.120_none_9d947278b86cc467\COMCTL32.dll
0x00007fff8efd0000 - 0x00007fff8eff6000 	C:\WINDOWS\System32\win32u.dll
0x00007fff91850000 - 0x00007fff918f3000 	C:\WINDOWS\System32\msvcrt.dll
0x00007fff91820000 - 0x00007fff91849000 	C:\WINDOWS\System32\GDI32.dll
0x00007fff8f6b0000 - 0x00007fff8f7c2000 	C:\WINDOWS\System32\gdi32full.dll
0x00007fff8f4a0000 - 0x00007fff8f53d000 	C:\WINDOWS\System32\msvcp_win.dll
0x00007fff91640000 - 0x00007fff91671000 	C:\WINDOWS\System32\IMM32.DLL
0x00007fff713b0000 - 0x00007fff7144d000 	D:\Aplikasi\AndroidStudio\App\jre\bin\msvcp140.dll
0x00007fff3f480000 - 0x00007fff3ff4f000 	D:\Aplikasi\AndroidStudio\App\jre\bin\server\jvm.dll
0x00007fff914d0000 - 0x00007fff9157c000 	C:\WINDOWS\System32\ADVAPI32.dll
0x00007fff8fe10000 - 0x00007fff8fead000 	C:\WINDOWS\System32\sechost.dll
0x00007fff90560000 - 0x00007fff90681000 	C:\WINDOWS\System32\RPCRT4.dll
0x00007fff91140000 - 0x00007fff91148000 	C:\WINDOWS\System32\PSAPI.DLL
0x00007fff7d040000 - 0x00007fff7d073000 	C:\WINDOWS\SYSTEM32\WINMM.dll
0x00007fff74c00000 - 0x00007fff74c09000 	C:\WINDOWS\SYSTEM32\WSOCK32.dll
0x00007fff90e40000 - 0x00007fff90eaf000 	C:\WINDOWS\System32\WS2_32.dll
0x00007fff88da0000 - 0x00007fff88daa000 	C:\WINDOWS\SYSTEM32\VERSION.dll
0x00007fff8dfd0000 - 0x00007fff8dfe8000 	C:\WINDOWS\SYSTEM32\kernel.appcore.dll
0x00007fff89d90000 - 0x00007fff89da1000 	D:\Aplikasi\AndroidStudio\App\jre\bin\verify.dll
0x00007fff8c640000 - 0x00007fff8c861000 	C:\WINDOWS\SYSTEM32\DBGHELP.DLL
0x00007fff76c80000 - 0x00007fff76cb1000 	C:\WINDOWS\SYSTEM32\dbgcore.DLL
0x00007fff8ef50000 - 0x00007fff8efd0000 	C:\WINDOWS\System32\bcryptPrimitives.dll
0x00007fff89760000 - 0x00007fff89789000 	D:\Aplikasi\AndroidStudio\App\jre\bin\java.dll
0x00007fff8aed0000 - 0x00007fff8aedb000 	D:\Aplikasi\AndroidStudio\App\jre\bin\jimage.dll
0x00007fff88e90000 - 0x00007fff88ea8000 	D:\Aplikasi\AndroidStudio\App\jre\bin\zip.dll

dbghelp: loaded successfully - version: 4.0.5 - missing functions: none
symbol engine: initialized successfully - sym options: 0x614 - pdb path: .;D:\Aplikasi\AndroidStudio\App\jre\bin;C:\WINDOWS\SYSTEM32;C:\WINDOWS\WinSxS\amd64_microsoft.windows.common-controls_6595b64144ccf1df_6.0.22000.120_none_9d947278b86cc467;D:\Aplikasi\AndroidStudio\App\jre\bin\server

VM Arguments:
java_command: org.jetbrains.git4idea.http.GitAskPassApp Username for 'https://github.com': 
java_class_path (initial): D:/Aplikasi/AndroidStudio/App/plugins/git4idea/lib/git4idea-rt.jar;D:/Aplikasi/AndroidStudio/App/lib/xmlrpc-2.0.1.jar;D:/Aplikasi/AndroidStudio/App/lib/commons-codec-1.14.jar
Launcher Type: SUN_STANDARD

[Global flags]
     intx CICompilerCount                          = 4                                         {product} {ergonomic}
     uint ConcGCThreads                            = 3                                         {product} {ergonomic}
     uint G1ConcRefinementThreads                  = 10                                        {product} {ergonomic}
   size_t G1HeapRegionSize                         = 1048576                                   {product} {ergonomic}
    uintx GCDrainStackTargetSize                   = 64                                        {product} {ergonomic}
   size_t InitialHeapSize                          = 132120576                                 {product} {ergonomic}
   size_t MarkStackSize                            = 4194304                                   {product} {ergonomic}
   size_t MaxHeapSize                              = 2109734912                                {product} {ergonomic}
   size_t MinHeapDeltaBytes                        = 1048576                                   {product} {ergonomic}
    uintx NonNMethodCodeHeapSize                   = 5836300                                {pd product} {ergonomic}
    uintx NonProfiledCodeHeapSize                  = 122910970                              {pd product} {ergonomic}
    uintx ProfiledCodeHeapSize                     = 122910970                              {pd product} {ergonomic}
    uintx ReservedCodeCacheSize                    = 251658240                              {pd product} {ergonomic}
     bool SegmentedCodeCache                       = true                                      {product} {ergonomic}
     bool UseCompressedClassPointers               = true                                 {lp64_product} {ergonomic}
     bool UseCompressedOops                        = true                                 {lp64_product} {ergonomic}
     bool UseG1GC                                  = true                                      {product} {ergonomic}
     bool UseLargePagesIndividualAllocation        = false                                  {pd product} {ergonomic}

Logging:
Log output configuration:
 #0: stdout all=warning uptime,level,tags
 #1: stderr all=off uptime,level,tags

Environment Variables:
JAVA_HOME=C:\Program Files (x86)\Java\jdk-14.0.1
PATH=D:\Aplikasi\Git\App\Git\mingw64\libexec\git-core;D:\Aplikasi\Git\App\Git\mingw64\libexec\git-core;D:\Aplikasi\Git\App\Git\mingw64\bin;D:\Aplikasi\Git\App\Git\usr\bin;C:\Users\User\bin;C:\Program Files (x86)\Common Files\Oracle\Java\javapath;C:\Program Files (x86)\Common Files\Intel\Shared Libraries\redist\intel64\compiler;C:\Windows\system32;C:\Windows;C:\Windows\System32\Wbem;C:\Windows\System32\WindowsPowerShell\v1.0;C:\Windows\System32\OpenSSH;C:\Program Files (x86)\NVIDIA Corporation\PhysX\Common;C:\Program Files\NVIDIA Corporation\NVIDIA NvDLISR;C:\WINDOWS\system32;C:\WINDOWS;C:\WINDOWS\System32\Wbem;C:\WINDOWS\System32\WindowsPowerShell\v1.0;C:\WINDOWS\System32\OpenSSH;%JAVA_HOME%\bin;C:\gradle\bin;D:\Aplikasi\Python\App;D:\Aplikasi\Python\App\Scripts;C:\Program Files (x86)\dotnet;C:\xampp\php;C:\ProgramData\ComposerSetup\bin;D:\Aplikasi\Git\App\Git\cmd;C:\Users\User\AppData\Local\Microsoft\WindowsApps;C:\Users\User\AppData\Local\Programs\Microsoft VS Code\bin;D:\Aplikasi\Python\App;C:\Users\User\AppData\Roaming\Composer\vendor\bin;D:\Aplikasi\CodeBlock\App\CodeBlocks\MinGW\bin
USERNAME=User
DISPLAY=:0.0
LC_ALL=en_US.UTF-8
OS=Windows_NT
PROCESSOR_IDENTIFIER=Intel64 Family 6 Model 158 Stepping 10, GenuineIntel



---------------  S Y S T E M  ---------------

OS: Windows 10 , 64 bit Build 22000 (10.0.22000.120)
OS uptime: 0 days 17:15 hours

CPU:total 12 (initial active 12) (6 cores per cpu, 2 threads per core) family 6 model 158 stepping 10 microcode 0xde, cmov, cx8, fxsr, mmx, sse, sse2, sse3, ssse3, sse4.1, sse4.2, popcnt, avx, avx2, aes, clmul, erms, 3dnowpref, lzcnt, ht, tsc, tscinvbit, bmi1, bmi2, adx, fma

Memory: 4k page, system-wide physical 8043M (395M free)
TotalPageFile size 32619M (AvailPageFile size 92M)
current process WorkingSet (physical memory assigned to process): 10M, peak: 10M
current process commit charge ("private bytes"): 64M, peak: 189M

vm_info: OpenJDK 64-Bit Server VM (11.0.10+0-b96-7249189) for windows-amd64 JRE (11.0.10+0-b96-7249189), built on Mar 31 2021 21:44:00 by "builder" with MS VC++ 14.0 (VS2015)

END.
